<?xml version="1.0" encoding="UTF-8"?>
<testsuite name="com.example.demo.DockerspringappApplicationTests" tests="1" skipped="0" failures="0" errors="0" timestamp="2024-04-03T10:01:50" hostname="PUNLT0101410" time="2.097">
  <properties/>
  <testcase name="contextLoads()" classname="com.example.demo.DockerspringappApplicationTests" time="2.097"/>
  <system-out><![CDATA[15:31:45.497 [Test worker] INFO org.springframework.test.context.support.AnnotationConfigContextLoaderUtils -- Could not detect default configuration classes for test class [com.example.demo.DockerspringappApplicationTests]: DockerspringappApplicationTests does not declare any static, non-private, non-final, nested classes annotated with @Configuration.
15:31:45.881 [Test worker] INFO org.springframework.boot.test.context.SpringBootTestContextBootstrapper -- Found @SpringBootConfiguration com.example.demo.DockerspringappApplication for test class com.example.demo.DockerspringappApplicationTests

  .   ____          _            __ _ _
 /\\ / ___'_ __ _ _(_)_ __  __ _ \ \ \ \
( ( )\___ | '_ | '_| | '_ \/ _` | \ \ \ \
 \\/  ___)| |_)| | | | | || (_| |  ) ) ) )
  '  |____| .__|_| |_|_| |_\__, | / / / /
 =========|_|==============|___/=/_/_/_/
 :: Spring Boot ::                (v3.2.4)

2024-04-03T15:31:47.371+05:30  INFO 20580 --- [dockerspringapp] [    Test worker] c.e.d.DockerspringappApplicationTests    : Starting DockerspringappApplicationTests using Java 17.0.4.1 with PID 20580 (started by vrawool in C:\vireshGitProject\dockerSpringApp)
2024-04-03T15:31:47.374+05:30  INFO 20580 --- [dockerspringapp] [    Test worker] c.e.d.DockerspringappApplicationTests    : No active profile set, falling back to 1 default profile: "default"
2024-04-03T15:31:50.394+05:30  INFO 20580 --- [dockerspringapp] [    Test worker] c.e.d.DockerspringappApplicationTests    : Started DockerspringappApplicationTests in 3.733 seconds (process running for 7.724)
]]></system-out>
  <system-err><![CDATA[]]></system-err>
</testsuite>
